<?xml version="1.0" encoding="UTF-8"?>
<!-- Generated by org.testng.reporters.JUnitReportReporter -->
<testsuite hostname="LAPTOP-MDM1H7HV" failures="0" tests="3" name="testCases.SelectTest" time="38.137" errors="0" timestamp="2020-02-28T14:10:37 ART" skipped="0">
  <testcase classname="testCases.SelectTest" name="searchByLowestFirst" time="14.005"/>
  <testcase classname="testCases.SelectTest" name="searchByInStock" time="12.175"/>
  <testcase classname="testCases.SelectTest" name="searchByNameAtoZ" time="11.957"/>
</testsuite> <!-- testCases.SelectTest -->
