<?xml version="1.0" encoding="UTF-8"?>
<!-- Generated by org.testng.reporters.JUnitReportReporter -->
<testsuite hostname="LAPTOP-MDM1H7HV" failures="0" tests="2" name="testCases.SearchTest" time="28.929" errors="0" timestamp="2020-02-26T14:12:19 ART" skipped="0">
  <testcase classname="testCases.SearchTest" name="searchWithResults" time="15.112"/>
  <testcase classname="testCases.SearchTest" name="searchWithNoResults" time="13.817"/>
</testsuite> <!-- testCases.SearchTest -->
