<?xml version="1.0" encoding="UTF-8"?>
<!-- Generated by org.testng.reporters.JUnitReportReporter -->
<testsuite hostname="LAPTOP-MDM1H7HV" failures="0" tests="1" name="testCases.SectionsTest" time="11.625" errors="0" timestamp="2020-02-26T14:12:19 ART" skipped="0">
  <testcase classname="testCases.SectionsTest" name="womanSection" time="11.625"/>
</testsuite> <!-- testCases.SectionsTest -->
