<?xml version="1.0" encoding="UTF-8"?>
<!-- Generated by org.testng.reporters.JUnitReportReporter -->
<testsuite hostname="LAPTOP-MDM1H7HV" failures="0" tests="1" name="linksFunction.WomenTest" time="13.894" errors="0" timestamp="2020-02-26T10:36:54 ART" skipped="0">
  <testcase classname="linksFunction.WomenTest" name="clickWoman" time="13.894"/>
</testsuite> <!-- linksFunction.WomenTest -->
